<?xml version="1.0" encoding="UTF-8"?>
<testsuite name="Regression Test"
           tests="4"
           failures="0"
           errors="0"
           skipped="0"
           time="10.438">
  <properties />
  
  
            <testcase name="verifyErrorMessageWithInvalidCredentials" time="2.390" classname="com.nopcommerce.demo.testsuite.LoginPageTest" />
                <testcase name="UserShouldNavigateToLoginPageSuccessfully" time="1.033" classname="com.nopcommerce.demo.testsuite.LoginPageTest" />
                <testcase name="verifyThatUserShouldLogInSuccessFullyWithValidCredentials" time="2.452" classname="com.nopcommerce.demo.testsuite.LoginPageTest" />
                <testcase name="verifyThatUserShouldLogOutSuccessFully" time="4.563" classname="com.nopcommerce.demo.testsuite.LoginPageTest" />
      
</testsuite>
